{"/Users/harttle/repos/brick-liquid/index.js":{"path":"/Users/harttle/repos/brick-liquid/index.js","s":{"1":1},"b":{},"f":{},"fnMap":{},"statementMap":{"1":{"start":{"line":2,"column":0},"end":{"line":2,"column":41}}},"branchMap":{}},"/Users/harttle/repos/brick-liquid/lib/liquid.js":{"path":"/Users/harttle/repos/brick-liquid/lib/liquid.js","s":{"1":1,"2":1,"3":1,"4":1,"5":1,"6":1,"7":1,"8":1,"9":17,"10":17,"11":17,"12":0,"13":0,"14":17,"15":17,"16":17,"17":17,"18":17,"19":3,"20":3,"21":3,"22":14,"23":1,"24":17,"25":2,"26":2,"27":1,"28":16,"29":16,"30":16,"31":1,"32":16,"33":16,"34":16,"35":1,"36":17,"37":17,"38":17,"39":17,"40":17,"41":3,"42":1,"43":5,"44":5,"45":5,"46":5,"47":5,"48":5,"49":5,"50":1,"51":1,"52":1},"b":{"1":[17,0],"2":[0,17],"3":[3,14],"4":[2,15],"5":[1,1],"6":[0,16]},"f":{"1":17,"2":17,"3":16,"4":16,"5":16,"6":17,"7":5},"fnMap":{"1":{"name":"(anonymous_1)","line":12,"loc":{"start":{"line":12,"column":33},"end":{"line":12,"column":76}}},"2":{"name":"(anonymous_2)","line":33,"loc":{"start":{"line":33,"column":33},"end":{"line":33,"column":51}}},"3":{"name":"src","line":45,"loc":{"start":{"line":45,"column":0},"end":{"line":45,"column":19}}},"4":{"name":"(anonymous_4)","line":46,"loc":{"start":{"line":46,"column":23},"end":{"line":46,"column":49}}},"5":{"name":"(anonymous_5)","line":47,"loc":{"start":{"line":47,"column":34},"end":{"line":47,"column":52}}},"6":{"name":"link","line":53,"loc":{"start":{"line":53,"column":0},"end":{"line":53,"column":24}}},"7":{"name":"liquidFactory","line":62,"loc":{"start":{"line":62,"column":0},"end":{"line":62,"column":28}}}},"statementMap":{"1":{"start":{"line":1,"column":0},"end":{"line":1,"column":23}},"2":{"start":{"line":2,"column":0},"end":{"line":2,"column":26}},"3":{"start":{"line":3,"column":0},"end":{"line":3,"column":29}},"4":{"start":{"line":4,"column":0},"end":{"line":4,"column":29}},"5":{"start":{"line":5,"column":0},"end":{"line":5,"column":36}},"6":{"start":{"line":6,"column":0},"end":{"line":6,"column":52}},"7":{"start":{"line":8,"column":0},"end":{"line":10,"column":2}},"8":{"start":{"line":12,"column":0},"end":{"line":31,"column":2}},"9":{"start":{"line":13,"column":4},"end":{"line":13,"column":34}},"10":{"start":{"line":14,"column":4},"end":{"line":14,"column":20}},"11":{"start":{"line":15,"column":4},"end":{"line":18,"column":5}},"12":{"start":{"line":16,"column":8},"end":{"line":16,"column":46}},"13":{"start":{"line":17,"column":8},"end":{"line":17,"column":29}},"14":{"start":{"line":19,"column":4},"end":{"line":19,"column":31}},"15":{"start":{"line":20,"column":4},"end":{"line":30,"column":11}},"16":{"start":{"line":21,"column":21},"end":{"line":21,"column":35}},"17":{"start":{"line":24,"column":12},"end":{"line":24,"column":41}},"18":{"start":{"line":25,"column":12},"end":{"line":29,"column":31}},"19":{"start":{"line":26,"column":16},"end":{"line":28,"column":57}},"20":{"start":{"line":27,"column":33},"end":{"line":27,"column":58}},"21":{"start":{"line":28,"column":33},"end":{"line":28,"column":55}},"22":{"start":{"line":29,"column":19},"end":{"line":29,"column":31}},"23":{"start":{"line":33,"column":0},"end":{"line":41,"column":2}},"24":{"start":{"line":34,"column":4},"end":{"line":37,"column":5}},"25":{"start":{"line":35,"column":8},"end":{"line":35,"column":43}},"26":{"start":{"line":36,"column":8},"end":{"line":36,"column":45}},"27":{"start":{"line":36,"column":17},"end":{"line":36,"column":45}},"28":{"start":{"line":38,"column":4},"end":{"line":40,"column":49}},"29":{"start":{"line":39,"column":17},"end":{"line":39,"column":32}},"30":{"start":{"line":40,"column":17},"end":{"line":40,"column":47}},"31":{"start":{"line":45,"column":0},"end":{"line":51,"column":1}},"32":{"start":{"line":46,"column":4},"end":{"line":50,"column":7}},"33":{"start":{"line":47,"column":8},"end":{"line":49,"column":11}},"34":{"start":{"line":48,"column":12},"end":{"line":48,"column":49}},"35":{"start":{"line":53,"column":0},"end":{"line":60,"column":1}},"36":{"start":{"line":54,"column":4},"end":{"line":55,"column":13}},"37":{"start":{"line":56,"column":4},"end":{"line":59,"column":84}},"38":{"start":{"line":57,"column":20},"end":{"line":57,"column":33}},"39":{"start":{"line":58,"column":18},"end":{"line":58,"column":34}},"40":{"start":{"line":59,"column":19},"end":{"line":59,"column":82}},"41":{"start":{"line":59,"column":70},"end":{"line":59,"column":81}},"42":{"start":{"line":62,"column":0},"end":{"line":70,"column":1}},"43":{"start":{"line":63,"column":4},"end":{"line":63,"column":37}},"44":{"start":{"line":64,"column":4},"end":{"line":64,"column":58}},"45":{"start":{"line":65,"column":4},"end":{"line":65,"column":27}},"46":{"start":{"line":66,"column":4},"end":{"line":66,"column":49}},"47":{"start":{"line":67,"column":4},"end":{"line":67,"column":51}},"48":{"start":{"line":68,"column":4},"end":{"line":68,"column":47}},"49":{"start":{"line":69,"column":4},"end":{"line":69,"column":18}},"50":{"start":{"line":72,"column":0},"end":{"line":72,"column":31}},"51":{"start":{"line":73,"column":0},"end":{"line":73,"column":49}},"52":{"start":{"line":75,"column":0},"end":{"line":75,"column":31}}},"branchMap":{"1":{"line":14,"type":"binary-expr","locations":[{"start":{"line":14,"column":10},"end":{"line":14,"column":13}},{"start":{"line":14,"column":17},"end":{"line":14,"column":19}}]},"2":{"line":15,"type":"if","locations":[{"start":{"line":15,"column":4},"end":{"line":15,"column":4}},{"start":{"line":15,"column":4},"end":{"line":15,"column":4}}]},"3":{"line":25,"type":"if","locations":[{"start":{"line":25,"column":12},"end":{"line":25,"column":12}},{"start":{"line":25,"column":12},"end":{"line":25,"column":12}}]},"4":{"line":34,"type":"if","locations":[{"start":{"line":34,"column":4},"end":{"line":34,"column":4}},{"start":{"line":34,"column":4},"end":{"line":34,"column":4}}]},"5":{"line":36,"type":"if","locations":[{"start":{"line":36,"column":8},"end":{"line":36,"column":8}},{"start":{"line":36,"column":8},"end":{"line":36,"column":8}}]},"6":{"line":48,"type":"cond-expr","locations":[{"start":{"line":48,"column":23},"end":{"line":48,"column":32}},{"start":{"line":48,"column":35},"end":{"line":48,"column":48}}]}}},"/Users/harttle/repos/brick-liquid/lib/tags.js":{"path":"/Users/harttle/repos/brick-liquid/lib/tags.js","s":{"1":1,"2":1,"3":1,"4":1,"5":3,"6":3,"7":3,"8":0,"9":0,"10":3,"11":3,"12":3,"13":3,"14":2,"15":2,"16":3,"17":3,"18":3,"19":3,"20":3,"21":3,"22":3,"23":3,"24":3,"25":3,"26":0,"27":0,"28":3,"29":3,"30":3,"31":3,"32":2,"33":2,"34":3,"35":3,"36":3,"37":3,"38":1,"39":3,"40":1,"41":6,"42":6,"43":1,"44":6,"45":6,"46":6,"47":4,"48":4,"49":6,"50":1,"51":1,"52":1},"b":{"1":[0,3],"2":[0,3]},"f":{"1":3,"2":3,"3":3,"4":3,"5":3,"6":6,"7":6},"fnMap":{"1":{"name":"(anonymous_1)","line":9,"loc":{"start":{"line":9,"column":15},"end":{"line":9,"column":51}}},"2":{"name":"(anonymous_2)","line":20,"loc":{"start":{"line":20,"column":10},"end":{"line":20,"column":22}}},"3":{"name":"(anonymous_3)","line":41,"loc":{"start":{"line":41,"column":15},"end":{"line":41,"column":51}}},"4":{"name":"(anonymous_4)","line":51,"loc":{"start":{"line":51,"column":10},"end":{"line":51,"column":22}}},"5":{"name":"uuid","line":72,"loc":{"start":{"line":72,"column":0},"end":{"line":72,"column":16}}},"6":{"name":"extractLocals","line":76,"loc":{"start":{"line":76,"column":0},"end":{"line":76,"column":34}}},"7":{"name":"get_hash","line":81,"loc":{"start":{"line":81,"column":0},"end":{"line":81,"column":25}}}},"statementMap":{"1":{"start":{"line":3,"column":0},"end":{"line":3,"column":26}},"2":{"start":{"line":4,"column":0},"end":{"line":4,"column":36}},"3":{"start":{"line":5,"column":0},"end":{"line":5,"column":38}},"4":{"start":{"line":6,"column":0},"end":{"line":6,"column":50}},"5":{"start":{"line":10,"column":8},"end":{"line":10,"column":16}},"6":{"start":{"line":12,"column":8},"end":{"line":12,"column":44}},"7":{"start":{"line":13,"column":8},"end":{"line":16,"column":9}},"8":{"start":{"line":14,"column":12},"end":{"line":14,"column":59}},"9":{"start":{"line":15,"column":12},"end":{"line":15,"column":46}},"10":{"start":{"line":17,"column":8},"end":{"line":17,"column":28}},"11":{"start":{"line":18,"column":8},"end":{"line":18,"column":37}},"12":{"start":{"line":21,"column":8},"end":{"line":21,"column":42}},"13":{"start":{"line":22,"column":8},"end":{"line":23,"column":59}},"14":{"start":{"line":23,"column":12},"end":{"line":23,"column":57}},"15":{"start":{"line":23,"column":46},"end":{"line":23,"column":56}},"16":{"start":{"line":24,"column":8},"end":{"line":26,"column":28}},"17":{"start":{"line":28,"column":8},"end":{"line":33,"column":21}},"18":{"start":{"line":29,"column":27},"end":{"line":29,"column":59}},"19":{"start":{"line":31,"column":16},"end":{"line":33,"column":19}},"20":{"start":{"line":31,"column":57},"end":{"line":33,"column":17}},"21":{"start":{"line":35,"column":8},"end":{"line":35,"column":30}},"22":{"start":{"line":36,"column":8},"end":{"line":36,"column":35}},"23":{"start":{"line":42,"column":8},"end":{"line":42,"column":16}},"24":{"start":{"line":43,"column":8},"end":{"line":43,"column":44}},"25":{"start":{"line":44,"column":8},"end":{"line":47,"column":9}},"26":{"start":{"line":45,"column":12},"end":{"line":45,"column":59}},"27":{"start":{"line":46,"column":12},"end":{"line":46,"column":46}},"28":{"start":{"line":48,"column":8},"end":{"line":48,"column":37}},"29":{"start":{"line":49,"column":8},"end":{"line":49,"column":28}},"30":{"start":{"line":52,"column":8},"end":{"line":52,"column":38}},"31":{"start":{"line":54,"column":8},"end":{"line":56,"column":43}},"32":{"start":{"line":55,"column":16},"end":{"line":55,"column":61}},"33":{"start":{"line":55,"column":50},"end":{"line":55,"column":60}},"34":{"start":{"line":58,"column":8},"end":{"line":60,"column":61}},"35":{"start":{"line":60,"column":27},"end":{"line":60,"column":59}},"36":{"start":{"line":62,"column":8},"end":{"line":65,"column":10}},"37":{"start":{"line":66,"column":8},"end":{"line":66,"column":18}},"38":{"start":{"line":72,"column":0},"end":{"line":74,"column":1}},"39":{"start":{"line":73,"column":4},"end":{"line":73,"column":48}},"40":{"start":{"line":76,"column":0},"end":{"line":79,"column":1}},"41":{"start":{"line":77,"column":4},"end":{"line":77,"column":75}},"42":{"start":{"line":78,"column":4},"end":{"line":78,"column":43}},"43":{"start":{"line":81,"column":0},"end":{"line":90,"column":1}},"44":{"start":{"line":82,"column":4},"end":{"line":82,"column":25}},"45":{"start":{"line":83,"column":4},"end":{"line":84,"column":38}},"46":{"start":{"line":85,"column":4},"end":{"line":88,"column":5}},"47":{"start":{"line":86,"column":8},"end":{"line":86,"column":60}},"48":{"start":{"line":87,"column":8},"end":{"line":87,"column":20}},"49":{"start":{"line":89,"column":4},"end":{"line":89,"column":16}},"50":{"start":{"line":92,"column":0},"end":{"line":92,"column":32}},"51":{"start":{"line":93,"column":0},"end":{"line":93,"column":30}},"52":{"start":{"line":94,"column":0},"end":{"line":94,"column":38}}},"branchMap":{"1":{"line":13,"type":"if","locations":[{"start":{"line":13,"column":8},"end":{"line":13,"column":8}},{"start":{"line":13,"column":8},"end":{"line":13,"column":8}}]},"2":{"line":44,"type":"if","locations":[{"start":{"line":44,"column":8},"end":{"line":44,"column":8}},{"start":{"line":44,"column":8},"end":{"line":44,"column":8}}]}}},"/Users/harttle/repos/brick-liquid/lib/slug.js":{"path":"/Users/harttle/repos/brick-liquid/lib/slug.js","s":{"1":1,"2":17,"3":17,"4":17,"5":1,"6":17,"7":17,"8":17,"9":3,"10":17,"11":1},"b":{},"f":{"1":17,"2":17},"fnMap":{"1":{"name":"Slug","line":2,"loc":{"start":{"line":2,"column":0},"end":{"line":2,"column":22}}},"2":{"name":"(anonymous_2)","line":8,"loc":{"start":{"line":8,"column":25},"end":{"line":8,"column":36}}}},"statementMap":{"1":{"start":{"line":2,"column":0},"end":{"line":6,"column":1}},"2":{"start":{"line":3,"column":4},"end":{"line":3,"column":25}},"3":{"start":{"line":4,"column":4},"end":{"line":4,"column":23}},"4":{"start":{"line":5,"column":4},"end":{"line":5,"column":28}},"5":{"start":{"line":8,"column":0},"end":{"line":14,"column":2}},"6":{"start":{"line":9,"column":4},"end":{"line":9,"column":26}},"7":{"start":{"line":10,"column":4},"end":{"line":13,"column":7}},"8":{"start":{"line":11,"column":8},"end":{"line":11,"column":67}},"9":{"start":{"line":11,"column":32},"end":{"line":11,"column":65}},"10":{"start":{"line":12,"column":8},"end":{"line":12,"column":28}},"11":{"start":{"line":16,"column":0},"end":{"line":16,"column":22}}},"branchMap":{}}}