TN:
SF:/Users/harttle/repos/brick-liquid/index.js
FNF:0
FNH:0
DA:2,1
LF:1
LH:1
BRF:0
BRH:0
end_of_record
TN:
SF:/Users/harttle/repos/brick-liquid/lib/liquid.js
FN:12,(anonymous_1)
FN:33,(anonymous_2)
FN:45,src
FN:46,(anonymous_4)
FN:47,(anonymous_5)
FN:53,link
FN:62,liquidFactory
FNF:7
FNH:7
FNDA:17,(anonymous_1)
FNDA:17,(anonymous_2)
FNDA:16,src
FNDA:16,(anonymous_4)
FNDA:16,(anonymous_5)
FNDA:17,link
FNDA:5,liquidFactory
DA:1,1
DA:2,1
DA:3,1
DA:4,1
DA:5,1
DA:6,1
DA:8,1
DA:12,1
DA:13,17
DA:14,17
DA:15,17
DA:16,0
DA:17,0
DA:19,17
DA:20,17
DA:21,17
DA:24,17
DA:25,17
DA:26,3
DA:27,3
DA:28,3
DA:29,14
DA:33,1
DA:34,17
DA:35,2
DA:36,2
DA:38,16
DA:39,16
DA:40,16
DA:45,1
DA:46,16
DA:47,16
DA:48,16
DA:53,1
DA:54,17
DA:56,17
DA:57,17
DA:58,17
DA:59,17
DA:62,1
DA:63,5
DA:64,5
DA:65,5
DA:66,5
DA:67,5
DA:68,5
DA:69,5
DA:72,1
DA:73,1
DA:75,1
LF:50
LH:48
BRDA:14,1,0,17
BRDA:14,1,1,0
BRDA:15,2,0,0
BRDA:15,2,1,17
BRDA:25,3,0,3
BRDA:25,3,1,14
BRDA:34,4,0,2
BRDA:34,4,1,15
BRDA:36,5,0,1
BRDA:36,5,1,1
BRDA:48,6,0,0
BRDA:48,6,1,16
BRF:12
BRH:9
end_of_record
TN:
SF:/Users/harttle/repos/brick-liquid/lib/tags.js
FN:9,(anonymous_1)
FN:20,(anonymous_2)
FN:41,(anonymous_3)
FN:51,(anonymous_4)
FN:72,uuid
FN:76,extractLocals
FN:81,get_hash
FNF:7
FNH:7
FNDA:3,(anonymous_1)
FNDA:3,(anonymous_2)
FNDA:3,(anonymous_3)
FNDA:3,(anonymous_4)
FNDA:3,uuid
FNDA:6,extractLocals
FNDA:6,get_hash
DA:3,1
DA:4,1
DA:5,1
DA:6,1
DA:10,3
DA:12,3
DA:13,3
DA:14,0
DA:15,0
DA:17,3
DA:18,3
DA:21,3
DA:22,3
DA:23,2
DA:24,3
DA:28,3
DA:29,3
DA:31,3
DA:35,3
DA:36,3
DA:42,3
DA:43,3
DA:44,3
DA:45,0
DA:46,0
DA:48,3
DA:49,3
DA:52,3
DA:54,3
DA:55,2
DA:58,3
DA:60,3
DA:62,3
DA:66,3
DA:72,1
DA:73,3
DA:76,1
DA:77,6
DA:78,6
DA:81,1
DA:82,6
DA:83,6
DA:85,6
DA:86,4
DA:87,4
DA:89,6
DA:92,1
DA:93,1
DA:94,1
LF:49
LH:45
BRDA:13,1,0,0
BRDA:13,1,1,3
BRDA:44,2,0,0
BRDA:44,2,1,3
BRF:4
BRH:2
end_of_record
TN:
SF:/Users/harttle/repos/brick-liquid/lib/slug.js
FN:2,Slug
FN:8,(anonymous_2)
FNF:2
FNH:2
FNDA:17,Slug
FNDA:17,(anonymous_2)
DA:2,1
DA:3,17
DA:4,17
DA:5,17
DA:8,1
DA:9,17
DA:10,17
DA:11,17
DA:12,17
DA:16,1
LF:10
LH:10
BRF:0
BRH:0
end_of_record
